{"C:\\Users\\hp\\Desktop\\CAPTAIN\\POWER LEARN PROJECT\\PLP MERN\\WK 6\\WK 6 ASSIGNMENT\\mern-bug-tracker\\server\\server.js": {"path":"C:\\Users\\hp\\Desktop\\CAPTAIN\\POWER LEARN PROJECT\\PLP MERN\\WK 6\\WK 6 ASSIGNMENT\\mern-bug-tracker\\server\\server.js","statementMap":{"0":{"start":{"line":1,"column":0},"end":{"line":1,"column":27}},"1":{"start":{"line":2,"column":16},"end":{"line":2,"column":34}},"2":{"start":{"line":3,"column":13},"end":{"line":3,"column":28}},"3":{"start":{"line":4,"column":18},"end":{"line":4,"column":47}},"4":{"start":{"line":5,"column":21},"end":{"line":5,"column":57}},"5":{"start":{"line":6,"column":18},"end":{"line":6,"column":40}},"6":{"start":{"line":7,"column":12},"end":{"line":7,"column":35}},"7":{"start":{"line":8,"column":17},"end":{"line":8,"column":36}},"8":{"start":{"line":11,"column":25},"end":{"line":21,"column":1}},"9":{"start":{"line":12,"column":2},"end":{"line":19,"column":5}},"10":{"start":{"line":20,"column":2},"end":{"line":20,"column":16}},"11":{"start":{"line":24,"column":22},"end":{"line":30,"column":1}},"12":{"start":{"line":25,"column":2},"end":{"line":25,"column":20}},"13":{"start":{"line":26,"column":2},"end":{"line":26,"column":62}},"14":{"start":{"line":27,"column":2},"end":{"line":27,"column":80}},"15":{"start":{"line":28,"column":2},"end":{"line":28,"column":62}},"16":{"start":{"line":29,"column":2},"end":{"line":29,"column":20}},"17":{"start":{"line":33,"column":18},"end":{"line":55,"column":1}},"18":{"start":{"line":34,"column":14},"end":{"line":34,"column":23}},"19":{"start":{"line":35,"column":15},"end":{"line":35,"column":39}},"20":{"start":{"line":38,"column":2},"end":{"line":38,"column":18}},"21":{"start":{"line":39,"column":2},"end":{"line":39,"column":26}},"22":{"start":{"line":40,"column":2},"end":{"line":40,"column":50}},"23":{"start":{"line":43,"column":2},"end":{"line":46,"column":5}},"24":{"start":{"line":44,"column":4},"end":{"line":44,"column":77}},"25":{"start":{"line":45,"column":4},"end":{"line":45,"column":11}},"26":{"start":{"line":49,"column":2},"end":{"line":49,"column":34}},"27":{"start":{"line":52,"column":2},"end":{"line":52,"column":24}},"28":{"start":{"line":54,"column":2},"end":{"line":54,"column":13}},"29":{"start":{"line":58,"column":20},"end":{"line":87,"column":1}},"30":{"start":{"line":59,"column":2},"end":{"line":86,"column":3}},"31":{"start":{"line":60,"column":17},"end":{"line":60,"column":72}},"32":{"start":{"line":61,"column":4},"end":{"line":83,"column":5}},"33":{"start":{"line":62,"column":6},"end":{"line":62,"column":24}},"34":{"start":{"line":63,"column":6},"end":{"line":63,"column":86}},"35":{"start":{"line":64,"column":6},"end":{"line":64,"column":125}},"36":{"start":{"line":66,"column":6},"end":{"line":77,"column":9}},"37":{"start":{"line":67,"column":26},"end":{"line":67,"column":66}},"38":{"start":{"line":68,"column":26},"end":{"line":68,"column":66}},"39":{"start":{"line":70,"column":8},"end":{"line":70,"column":93}},"40":{"start":{"line":71,"column":8},"end":{"line":71,"column":74}},"41":{"start":{"line":72,"column":8},"end":{"line":72,"column":92}},"42":{"start":{"line":73,"column":8},"end":{"line":73,"column":80}},"43":{"start":{"line":74,"column":8},"end":{"line":74,"column":76}},"44":{"start":{"line":75,"column":8},"end":{"line":75,"column":74}},"45":{"start":{"line":76,"column":8},"end":{"line":76,"column":127}},"46":{"start":{"line":79,"column":6},"end":{"line":79,"column":125}},"47":{"start":{"line":80,"column":6},"end":{"line":80,"column":24}},"48":{"start":{"line":82,"column":6},"end":{"line":82,"column":73}},"49":{"start":{"line":85,"column":4},"end":{"line":85,"column":74}},"50":{"start":{"line":90,"column":20},"end":{"line":187,"column":1}},"51":{"start":{"line":91,"column":14},"end":{"line":91,"column":25}},"52":{"start":{"line":92,"column":15},"end":{"line":92,"column":39}},"53":{"start":{"line":94,"column":2},"end":{"line":186,"column":3}},"54":{"start":{"line":95,"column":4},"end":{"line":95,"column":23}},"55":{"start":{"line":96,"column":4},"end":{"line":96,"column":20}},"56":{"start":{"line":97,"column":4},"end":{"line":97,"column":22}},"57":{"start":{"line":100,"column":4},"end":{"line":100,"column":78}},"58":{"start":{"line":103,"column":4},"end":{"line":125,"column":7}},"59":{"start":{"line":104,"column":6},"end":{"line":124,"column":7}},"60":{"start":{"line":105,"column":23},"end":{"line":105,"column":49}},"61":{"start":{"line":106,"column":26},"end":{"line":106,"column":69}},"62":{"start":{"line":108,"column":8},"end":{"line":108,"column":26}},"63":{"start":{"line":109,"column":8},"end":{"line":109,"column":77}},"64":{"start":{"line":110,"column":8},"end":{"line":110,"column":127}},"65":{"start":{"line":111,"column":8},"end":{"line":111,"column":75}},"66":{"start":{"line":112,"column":8},"end":{"line":112,"column":77}},"67":{"start":{"line":113,"column":8},"end":{"line":113,"column":95}},"68":{"start":{"line":114,"column":8},"end":{"line":114,"column":83}},"69":{"start":{"line":115,"column":8},"end":{"line":115,"column":77}},"70":{"start":{"line":116,"column":8},"end":{"line":116,"column":73}},"71":{"start":{"line":117,"column":8},"end":{"line":117,"column":127}},"72":{"start":{"line":118,"column":8},"end":{"line":118,"column":26}},"73":{"start":{"line":120,"column":8},"end":{"line":120,"column":60}},"74":{"start":{"line":121,"column":8},"end":{"line":121,"column":37}},"75":{"start":{"line":123,"column":8},"end":{"line":123,"column":20}},"76":{"start":{"line":127,"column":4},"end":{"line":155,"column":7}},"77":{"start":{"line":128,"column":6},"end":{"line":154,"column":7}},"78":{"start":{"line":129,"column":23},"end":{"line":129,"column":33}},"79":{"start":{"line":130,"column":27},"end":{"line":130,"column":83}},"80":{"start":{"line":132,"column":8},"end":{"line":134,"column":9}},"81":{"start":{"line":133,"column":10},"end":{"line":133,"column":68}},"82":{"start":{"line":136,"column":26},"end":{"line":136,"column":73}},"83":{"start":{"line":138,"column":8},"end":{"line":138,"column":26}},"84":{"start":{"line":139,"column":8},"end":{"line":139,"column":73}},"85":{"start":{"line":140,"column":8},"end":{"line":140,"column":127}},"86":{"start":{"line":141,"column":8},"end":{"line":141,"column":79}},"87":{"start":{"line":142,"column":8},"end":{"line":142,"column":81}},"88":{"start":{"line":143,"column":8},"end":{"line":143,"column":99}},"89":{"start":{"line":144,"column":8},"end":{"line":144,"column":87}},"90":{"start":{"line":145,"column":8},"end":{"line":145,"column":83}},"91":{"start":{"line":146,"column":8},"end":{"line":146,"column":74}},"92":{"start":{"line":147,"column":8},"end":{"line":147,"column":127}},"93":{"start":{"line":148,"column":8},"end":{"line":148,"column":26}},"94":{"start":{"line":150,"column":8},"end":{"line":150,"column":61}},"95":{"start":{"line":151,"column":8},"end":{"line":151,"column":41}},"96":{"start":{"line":153,"column":8},"end":{"line":153,"column":20}},"97":{"start":{"line":157,"column":4},"end":{"line":165,"column":7}},"98":{"start":{"line":158,"column":6},"end":{"line":158,"column":24}},"99":{"start":{"line":159,"column":6},"end":{"line":159,"column":89}},"100":{"start":{"line":160,"column":6},"end":{"line":160,"column":79}},"101":{"start":{"line":161,"column":6},"end":{"line":161,"column":73}},"102":{"start":{"line":162,"column":6},"end":{"line":162,"column":74}},"103":{"start":{"line":163,"column":6},"end":{"line":163,"column":89}},"104":{"start":{"line":164,"column":6},"end":{"line":164,"column":24}},"105":{"start":{"line":168,"column":4},"end":{"line":177,"column":7}},"106":{"start":{"line":169,"column":6},"end":{"line":169,"column":24}},"107":{"start":{"line":170,"column":6},"end":{"line":170,"column":89}},"108":{"start":{"line":171,"column":6},"end":{"line":171,"column":80}},"109":{"start":{"line":172,"column":6},"end":{"line":172,"column":88}},"110":{"start":{"line":173,"column":6},"end":{"line":173,"column":89}},"111":{"start":{"line":174,"column":6},"end":{"line":174,"column":24}},"112":{"start":{"line":175,"column":6},"end":{"line":175,"column":40}},"113":{"start":{"line":176,"column":6},"end":{"line":176,"column":22}},"114":{"start":{"line":179,"column":4},"end":{"line":179,"column":22}},"115":{"start":{"line":180,"column":4},"end":{"line":180,"column":87}},"116":{"start":{"line":181,"column":4},"end":{"line":181,"column":73}},"117":{"start":{"line":182,"column":4},"end":{"line":182,"column":87}},"118":{"start":{"line":183,"column":4},"end":{"line":183,"column":67}},"119":{"start":{"line":184,"column":4},"end":{"line":184,"column":22}},"120":{"start":{"line":185,"column":4},"end":{"line":185,"column":20}},"121":{"start":{"line":190,"column":0},"end":{"line":190,"column":31}},"122":{"start":{"line":193,"column":0},"end":{"line":195,"column":1}},"123":{"start":{"line":194,"column":2},"end":{"line":194,"column":16}}},"fnMap":{"0":{"name":"(anonymous_0)","decl":{"start":{"line":11,"column":25},"end":{"line":11,"column":26}},"loc":{"start":{"line":11,"column":31},"end":{"line":21,"column":1}},"line":11},"1":{"name":"(anonymous_1)","decl":{"start":{"line":24,"column":22},"end":{"line":24,"column":23}},"loc":{"start":{"line":24,"column":28},"end":{"line":30,"column":1}},"line":24},"2":{"name":"(anonymous_2)","decl":{"start":{"line":33,"column":18},"end":{"line":33,"column":19}},"loc":{"start":{"line":33,"column":24},"end":{"line":55,"column":1}},"line":33},"3":{"name":"(anonymous_3)","decl":{"start":{"line":43,"column":10},"end":{"line":43,"column":11}},"loc":{"start":{"line":43,"column":30},"end":{"line":46,"column":3}},"line":43},"4":{"name":"(anonymous_4)","decl":{"start":{"line":58,"column":20},"end":{"line":58,"column":21}},"loc":{"start":{"line":58,"column":66},"end":{"line":87,"column":1}},"line":58},"5":{"name":"(anonymous_5)","decl":{"start":{"line":66,"column":19},"end":{"line":66,"column":20}},"loc":{"start":{"line":66,"column":35},"end":{"line":77,"column":7}},"line":66},"6":{"name":"(anonymous_6)","decl":{"start":{"line":90,"column":20},"end":{"line":90,"column":21}},"loc":{"start":{"line":90,"column":32},"end":{"line":187,"column":1}},"line":90},"7":{"name":"(anonymous_7)","decl":{"start":{"line":103,"column":26},"end":{"line":103,"column":27}},"loc":{"start":{"line":103,"column":52},"end":{"line":125,"column":5}},"line":103},"8":{"name":"(anonymous_8)","decl":{"start":{"line":127,"column":29},"end":{"line":127,"column":30}},"loc":{"start":{"line":127,"column":55},"end":{"line":155,"column":5}},"line":127},"9":{"name":"(anonymous_9)","decl":{"start":{"line":157,"column":21},"end":{"line":157,"column":22}},"loc":{"start":{"line":157,"column":27},"end":{"line":165,"column":5}},"line":157},"10":{"name":"(anonymous_10)","decl":{"start":{"line":168,"column":25},"end":{"line":168,"column":26}},"loc":{"start":{"line":168,"column":37},"end":{"line":177,"column":5}},"line":168}},"branchMap":{"0":{"loc":{"start":{"line":35,"column":15},"end":{"line":35,"column":39}},"type":"binary-expr","locations":[{"start":{"line":35,"column":15},"end":{"line":35,"column":31}},{"start":{"line":35,"column":35},"end":{"line":35,"column":39}}],"line":35},"1":{"loc":{"start":{"line":58,"column":27},"end":{"line":58,"column":36}},"type":"default-arg","locations":[{"start":{"line":58,"column":35},"end":{"line":58,"column":36}}],"line":58},"2":{"loc":{"start":{"line":58,"column":38},"end":{"line":58,"column":61}},"type":"default-arg","locations":[{"start":{"line":58,"column":48},"end":{"line":58,"column":61}}],"line":58},"3":{"loc":{"start":{"line":61,"column":4},"end":{"line":83,"column":5}},"type":"if","locations":[{"start":{"line":61,"column":4},"end":{"line":83,"column":5}},{"start":{"line":81,"column":11},"end":{"line":83,"column":5}}],"line":61},"4":{"loc":{"start":{"line":72,"column":61},"end":{"line":72,"column":88}},"type":"binary-expr","locations":[{"start":{"line":72,"column":61},"end":{"line":72,"column":73}},{"start":{"line":72,"column":77},"end":{"line":72,"column":88}}],"line":72},"5":{"loc":{"start":{"line":92,"column":15},"end":{"line":92,"column":39}},"type":"binary-expr","locations":[{"start":{"line":92,"column":15},"end":{"line":92,"column":31}},{"start":{"line":92,"column":35},"end":{"line":92,"column":39}}],"line":92},"6":{"loc":{"start":{"line":113,"column":61},"end":{"line":113,"column":91}},"type":"binary-expr","locations":[{"start":{"line":113,"column":61},"end":{"line":113,"column":76}},{"start":{"line":113,"column":80},"end":{"line":113,"column":91}}],"line":113},"7":{"loc":{"start":{"line":132,"column":8},"end":{"line":134,"column":9}},"type":"if","locations":[{"start":{"line":132,"column":8},"end":{"line":134,"column":9}},{"start":{},"end":{}}],"line":132},"8":{"loc":{"start":{"line":143,"column":61},"end":{"line":143,"column":95}},"type":"binary-expr","locations":[{"start":{"line":143,"column":61},"end":{"line":143,"column":80}},{"start":{"line":143,"column":84},"end":{"line":143,"column":95}}],"line":143},"9":{"loc":{"start":{"line":193,"column":0},"end":{"line":195,"column":1}},"type":"if","locations":[{"start":{"line":193,"column":0},"end":{"line":195,"column":1}},{"start":{},"end":{}}],"line":193}},"s":{"0":1,"1":1,"2":1,"3":1,"4":1,"5":1,"6":1,"7":1,"8":1,"9":0,"10":0,"11":1,"12":0,"13":0,"14":0,"15":0,"16":0,"17":1,"18":1,"19":1,"20":1,"21":1,"22":1,"23":1,"24":6,"25":6,"26":1,"27":1,"28":1,"29":1,"30":0,"31":0,"32":0,"33":0,"34":0,"35":0,"36":0,"37":0,"38":0,"39":0,"40":0,"41":0,"42":0,"43":0,"44":0,"45":0,"46":0,"47":0,"48":0,"49":0,"50":1,"51":0,"52":0,"53":0,"54":0,"55":0,"56":0,"57":0,"58":0,"59":0,"60":0,"61":0,"62":0,"63":0,"64":0,"65":0,"66":0,"67":0,"68":0,"69":0,"70":0,"71":0,"72":0,"73":0,"74":0,"75":0,"76":0,"77":0,"78":0,"79":0,"80":0,"81":0,"82":0,"83":0,"84":0,"85":0,"86":0,"87":0,"88":0,"89":0,"90":0,"91":0,"92":0,"93":0,"94":0,"95":0,"96":0,"97":0,"98":0,"99":0,"100":0,"101":0,"102":0,"103":0,"104":0,"105":0,"106":0,"107":0,"108":0,"109":0,"110":0,"111":0,"112":0,"113":0,"114":0,"115":0,"116":0,"117":0,"118":0,"119":0,"120":0,"121":1,"122":1,"123":0},"f":{"0":0,"1":0,"2":1,"3":6,"4":0,"5":0,"6":0,"7":0,"8":0,"9":0,"10":0},"b":{"0":[1,0],"1":[0],"2":[0],"3":[0,0],"4":[0,0],"5":[0,0],"6":[0,0],"7":[0,0],"8":[0,0],"9":[0,1]},"_coverageSchema":"1a1c01bbd47fc00a2c39e90264f33305004495a9","hash":"eb6faf2377f4e5aab26208d3f6655df1fa18daa5"}
,"C:\\Users\\hp\\Desktop\\CAPTAIN\\POWER LEARN PROJECT\\PLP MERN\\WK 6\\WK 6 ASSIGNMENT\\mern-bug-tracker\\server\\config\\db.js": {"path":"C:\\Users\\hp\\Desktop\\CAPTAIN\\POWER LEARN PROJECT\\PLP MERN\\WK 6\\WK 6 ASSIGNMENT\\mern-bug-tracker\\server\\config\\db.js","statementMap":{"0":{"start":{"line":1,"column":0},"end":{"line":1,"column":27}},"1":{"start":{"line":2,"column":17},"end":{"line":2,"column":36}},"2":{"start":{"line":4,"column":18},"end":{"line":4,"column":23}},"3":{"start":{"line":6,"column":18},"end":{"line":40,"column":1}},"4":{"start":{"line":7,"column":2},"end":{"line":10,"column":3}},"5":{"start":{"line":8,"column":4},"end":{"line":8,"column":79}},"6":{"start":{"line":9,"column":4},"end":{"line":9,"column":11}},"7":{"start":{"line":12,"column":20},"end":{"line":12,"column":92}},"8":{"start":{"line":14,"column":2},"end":{"line":39,"column":3}},"9":{"start":{"line":15,"column":17},"end":{"line":18,"column":6}},"10":{"start":{"line":19,"column":4},"end":{"line":19,"column":23}},"11":{"start":{"line":21,"column":4},"end":{"line":21,"column":22}},"12":{"start":{"line":22,"column":4},"end":{"line":22,"column":87}},"13":{"start":{"line":23,"column":4},"end":{"line":23,"column":66}},"14":{"start":{"line":24,"column":4},"end":{"line":24,"column":87}},"15":{"start":{"line":25,"column":4},"end":{"line":25,"column":73}},"16":{"start":{"line":26,"column":4},"end":{"line":26,"column":77}},"17":{"start":{"line":27,"column":4},"end":{"line":27,"column":87}},"18":{"start":{"line":28,"column":4},"end":{"line":28,"column":22}},"19":{"start":{"line":30,"column":4},"end":{"line":30,"column":16}},"20":{"start":{"line":32,"column":4},"end":{"line":32,"column":22}},"21":{"start":{"line":33,"column":4},"end":{"line":33,"column":87}},"22":{"start":{"line":34,"column":4},"end":{"line":34,"column":70}},"23":{"start":{"line":35,"column":4},"end":{"line":35,"column":87}},"24":{"start":{"line":36,"column":4},"end":{"line":36,"column":67}},"25":{"start":{"line":37,"column":4},"end":{"line":37,"column":22}},"26":{"start":{"line":38,"column":4},"end":{"line":38,"column":20}},"27":{"start":{"line":42,"column":0},"end":{"line":42,"column":27}}},"fnMap":{"0":{"name":"(anonymous_0)","decl":{"start":{"line":6,"column":18},"end":{"line":6,"column":19}},"loc":{"start":{"line":6,"column":30},"end":{"line":40,"column":1}},"line":6}},"branchMap":{"0":{"loc":{"start":{"line":7,"column":2},"end":{"line":10,"column":3}},"type":"if","locations":[{"start":{"line":7,"column":2},"end":{"line":10,"column":3}},{"start":{},"end":{}}],"line":7},"1":{"loc":{"start":{"line":12,"column":20},"end":{"line":12,"column":92}},"type":"binary-expr","locations":[{"start":{"line":12,"column":20},"end":{"line":12,"column":41}},{"start":{"line":12,"column":45},"end":{"line":12,"column":92}}],"line":12}},"s":{"0":1,"1":1,"2":1,"3":1,"4":0,"5":0,"6":0,"7":0,"8":0,"9":0,"10":0,"11":0,"12":0,"13":0,"14":0,"15":0,"16":0,"17":0,"18":0,"19":0,"20":0,"21":0,"22":0,"23":0,"24":0,"25":0,"26":0,"27":1},"f":{"0":0},"b":{"0":[0,0],"1":[0,0]},"_coverageSchema":"1a1c01bbd47fc00a2c39e90264f33305004495a9","hash":"da148d7f9f11ed9e0339c8ba2110b1c9639085e2"}
,"C:\\Users\\hp\\Desktop\\CAPTAIN\\POWER LEARN PROJECT\\PLP MERN\\WK 6\\WK 6 ASSIGNMENT\\mern-bug-tracker\\server\\controllers\\bugController.js": {"path":"C:\\Users\\hp\\Desktop\\CAPTAIN\\POWER LEARN PROJECT\\PLP MERN\\WK 6\\WK 6 ASSIGNMENT\\mern-bug-tracker\\server\\controllers\\bugController.js","statementMap":{"0":{"start":{"line":1,"column":12},"end":{"line":1,"column":36}},"1":{"start":{"line":4,"column":23},"end":{"line":21,"column":1}},"2":{"start":{"line":5,"column":2},"end":{"line":5,"column":20}},"3":{"start":{"line":6,"column":2},"end":{"line":6,"column":63}},"4":{"start":{"line":7,"column":2},"end":{"line":7,"column":121}},"5":{"start":{"line":9,"column":2},"end":{"line":17,"column":5}},"6":{"start":{"line":10,"column":22},"end":{"line":10,"column":62}},"7":{"start":{"line":11,"column":4},"end":{"line":11,"column":70}},"8":{"start":{"line":12,"column":4},"end":{"line":12,"column":67}},"9":{"start":{"line":13,"column":4},"end":{"line":13,"column":87}},"10":{"start":{"line":14,"column":4},"end":{"line":14,"column":71}},"11":{"start":{"line":15,"column":4},"end":{"line":15,"column":68}},"12":{"start":{"line":16,"column":4},"end":{"line":16,"column":123}},"13":{"start":{"line":19,"column":2},"end":{"line":19,"column":121}},"14":{"start":{"line":20,"column":2},"end":{"line":20,"column":20}},"15":{"start":{"line":24,"column":0},"end":{"line":63,"column":2}},"16":{"start":{"line":25,"column":2},"end":{"line":62,"column":3}},"17":{"start":{"line":26,"column":16},"end":{"line":29,"column":6}},"18":{"start":{"line":31,"column":21},"end":{"line":31,"column":37}},"19":{"start":{"line":32,"column":22},"end":{"line":32,"column":67}},"20":{"start":{"line":35,"column":4},"end":{"line":35,"column":22}},"21":{"start":{"line":36,"column":4},"end":{"line":36,"column":73}},"22":{"start":{"line":37,"column":4},"end":{"line":37,"column":123}},"23":{"start":{"line":38,"column":4},"end":{"line":38,"column":73}},"24":{"start":{"line":39,"column":4},"end":{"line":39,"column":75}},"25":{"start":{"line":40,"column":4},"end":{"line":40,"column":78}},"26":{"start":{"line":41,"column":4},"end":{"line":41,"column":81}},"27":{"start":{"line":42,"column":4},"end":{"line":42,"column":77}},"28":{"start":{"line":43,"column":4},"end":{"line":43,"column":69}},"29":{"start":{"line":44,"column":4},"end":{"line":44,"column":123}},"30":{"start":{"line":45,"column":4},"end":{"line":45,"column":22}},"31":{"start":{"line":48,"column":23},"end":{"line":48,"column":73}},"32":{"start":{"line":49,"column":4},"end":{"line":49,"column":61}},"33":{"start":{"line":51,"column":4},"end":{"line":55,"column":7}},"34":{"start":{"line":57,"column":4},"end":{"line":57,"column":58}},"35":{"start":{"line":58,"column":4},"end":{"line":61,"column":7}},"36":{"start":{"line":66,"column":0},"end":{"line":83,"column":2}},"37":{"start":{"line":67,"column":2},"end":{"line":82,"column":3}},"38":{"start":{"line":68,"column":17},"end":{"line":68,"column":57}},"39":{"start":{"line":70,"column":4},"end":{"line":70,"column":52}},"40":{"start":{"line":71,"column":4},"end":{"line":75,"column":7}},"41":{"start":{"line":77,"column":4},"end":{"line":77,"column":59}},"42":{"start":{"line":78,"column":4},"end":{"line":81,"column":7}},"43":{"start":{"line":86,"column":0},"end":{"line":115,"column":2}},"44":{"start":{"line":87,"column":2},"end":{"line":114,"column":3}},"45":{"start":{"line":88,"column":16},"end":{"line":88,"column":49}},"46":{"start":{"line":90,"column":4},"end":{"line":96,"column":5}},"47":{"start":{"line":91,"column":6},"end":{"line":91,"column":57}},"48":{"start":{"line":92,"column":6},"end":{"line":95,"column":9}},"49":{"start":{"line":99,"column":20},"end":{"line":99,"column":34}},"50":{"start":{"line":100,"column":4},"end":{"line":100,"column":29}},"51":{"start":{"line":101,"column":4},"end":{"line":101,"column":23}},"52":{"start":{"line":103,"column":4},"end":{"line":103,"column":51}},"53":{"start":{"line":104,"column":4},"end":{"line":107,"column":7}},"54":{"start":{"line":109,"column":4},"end":{"line":109,"column":58}},"55":{"start":{"line":110,"column":4},"end":{"line":113,"column":7}},"56":{"start":{"line":118,"column":0},"end":{"line":178,"column":2}},"57":{"start":{"line":119,"column":2},"end":{"line":177,"column":3}},"58":{"start":{"line":120,"column":24},"end":{"line":120,"column":57}},"59":{"start":{"line":122,"column":4},"end":{"line":128,"column":5}},"60":{"start":{"line":123,"column":6},"end":{"line":123,"column":57}},"61":{"start":{"line":124,"column":6},"end":{"line":127,"column":9}},"62":{"start":{"line":131,"column":4},"end":{"line":131,"column":22}},"63":{"start":{"line":132,"column":4},"end":{"line":132,"column":82}},"64":{"start":{"line":133,"column":4},"end":{"line":133,"column":123}},"65":{"start":{"line":134,"column":4},"end":{"line":134,"column":76}},"66":{"start":{"line":135,"column":4},"end":{"line":135,"column":78}},"67":{"start":{"line":136,"column":4},"end":{"line":136,"column":81}},"68":{"start":{"line":137,"column":4},"end":{"line":137,"column":84}},"69":{"start":{"line":138,"column":4},"end":{"line":138,"column":80}},"70":{"start":{"line":139,"column":4},"end":{"line":139,"column":110}},"71":{"start":{"line":140,"column":4},"end":{"line":140,"column":123}},"72":{"start":{"line":141,"column":4},"end":{"line":141,"column":22}},"73":{"start":{"line":143,"column":23},"end":{"line":147,"column":5}},"74":{"start":{"line":148,"column":22},"end":{"line":148,"column":69}},"75":{"start":{"line":151,"column":4},"end":{"line":151,"column":69}},"76":{"start":{"line":152,"column":4},"end":{"line":152,"column":123}},"77":{"start":{"line":153,"column":4},"end":{"line":153,"column":75}},"78":{"start":{"line":154,"column":4},"end":{"line":154,"column":77}},"79":{"start":{"line":155,"column":4},"end":{"line":155,"column":80}},"80":{"start":{"line":156,"column":4},"end":{"line":156,"column":83}},"81":{"start":{"line":157,"column":4},"end":{"line":157,"column":79}},"82":{"start":{"line":158,"column":4},"end":{"line":158,"column":70}},"83":{"start":{"line":159,"column":4},"end":{"line":159,"column":123}},"84":{"start":{"line":160,"column":4},"end":{"line":160,"column":22}},"85":{"start":{"line":163,"column":23},"end":{"line":163,"column":73}},"86":{"start":{"line":164,"column":4},"end":{"line":164,"column":62}},"87":{"start":{"line":166,"column":4},"end":{"line":170,"column":7}},"88":{"start":{"line":172,"column":4},"end":{"line":172,"column":58}},"89":{"start":{"line":173,"column":4},"end":{"line":176,"column":7}},"90":{"start":{"line":181,"column":0},"end":{"line":205,"column":2}},"91":{"start":{"line":182,"column":2},"end":{"line":204,"column":3}},"92":{"start":{"line":183,"column":16},"end":{"line":183,"column":58}},"93":{"start":{"line":185,"column":4},"end":{"line":191,"column":5}},"94":{"start":{"line":186,"column":6},"end":{"line":186,"column":57}},"95":{"start":{"line":187,"column":6},"end":{"line":190,"column":9}},"96":{"start":{"line":193,"column":4},"end":{"line":193,"column":47}},"97":{"start":{"line":194,"column":4},"end":{"line":197,"column":7}},"98":{"start":{"line":199,"column":4},"end":{"line":199,"column":58}},"99":{"start":{"line":200,"column":4},"end":{"line":203,"column":7}}},"fnMap":{"0":{"name":"(anonymous_0)","decl":{"start":{"line":4,"column":23},"end":{"line":4,"column":24}},"loc":{"start":{"line":4,"column":40},"end":{"line":21,"column":1}},"line":4},"1":{"name":"(anonymous_1)","decl":{"start":{"line":9,"column":15},"end":{"line":9,"column":16}},"loc":{"start":{"line":9,"column":31},"end":{"line":17,"column":3}},"line":9},"2":{"name":"(anonymous_2)","decl":{"start":{"line":24,"column":20},"end":{"line":24,"column":21}},"loc":{"start":{"line":24,"column":40},"end":{"line":63,"column":1}},"line":24},"3":{"name":"(anonymous_3)","decl":{"start":{"line":66,"column":21},"end":{"line":66,"column":22}},"loc":{"start":{"line":66,"column":41},"end":{"line":83,"column":1}},"line":66},"4":{"name":"(anonymous_4)","decl":{"start":{"line":86,"column":21},"end":{"line":86,"column":22}},"loc":{"start":{"line":86,"column":41},"end":{"line":115,"column":1}},"line":86},"5":{"name":"(anonymous_5)","decl":{"start":{"line":118,"column":20},"end":{"line":118,"column":21}},"loc":{"start":{"line":118,"column":40},"end":{"line":178,"column":1}},"line":118},"6":{"name":"(anonymous_6)","decl":{"start":{"line":181,"column":20},"end":{"line":181,"column":21}},"loc":{"start":{"line":181,"column":40},"end":{"line":205,"column":1}},"line":181}},"branchMap":{"0":{"loc":{"start":{"line":13,"column":56},"end":{"line":13,"column":83}},"type":"binary-expr","locations":[{"start":{"line":13,"column":56},"end":{"line":13,"column":68}},{"start":{"line":13,"column":72},"end":{"line":13,"column":83}}],"line":13},"1":{"loc":{"start":{"line":28,"column":16},"end":{"line":28,"column":48}},"type":"binary-expr","locations":[{"start":{"line":28,"column":16},"end":{"line":28,"column":33}},{"start":{"line":28,"column":37},"end":{"line":28,"column":48}}],"line":28},"2":{"loc":{"start":{"line":90,"column":4},"end":{"line":96,"column":5}},"type":"if","locations":[{"start":{"line":90,"column":4},"end":{"line":96,"column":5}},{"start":{},"end":{}}],"line":90},"3":{"loc":{"start":{"line":122,"column":4},"end":{"line":128,"column":5}},"type":"if","locations":[{"start":{"line":122,"column":4},"end":{"line":128,"column":5}},{"start":{},"end":{}}],"line":122},"4":{"loc":{"start":{"line":185,"column":4},"end":{"line":191,"column":5}},"type":"if","locations":[{"start":{"line":185,"column":4},"end":{"line":191,"column":5}},{"start":{},"end":{}}],"line":185}},"s":{"0":1,"1":1,"2":2,"3":2,"4":2,"5":2,"6":2,"7":2,"8":2,"9":2,"10":2,"11":2,"12":2,"13":2,"14":2,"15":1,"16":2,"17":2,"18":2,"19":1,"20":1,"21":1,"22":1,"23":1,"24":1,"25":1,"26":1,"27":1,"28":1,"29":1,"30":1,"31":1,"32":1,"33":1,"34":1,"35":1,"36":1,"37":1,"38":1,"39":1,"40":1,"41":0,"42":0,"43":1,"44":0,"45":0,"46":0,"47":0,"48":0,"49":0,"50":0,"51":0,"52":0,"53":0,"54":0,"55":0,"56":1,"57":2,"58":2,"59":2,"60":1,"61":1,"62":1,"63":1,"64":1,"65":1,"66":1,"67":1,"68":1,"69":1,"70":1,"71":1,"72":1,"73":1,"74":1,"75":1,"76":1,"77":1,"78":1,"79":1,"80":1,"81":1,"82":1,"83":1,"84":1,"85":1,"86":1,"87":1,"88":0,"89":0,"90":1,"91":1,"92":1,"93":1,"94":0,"95":0,"96":1,"97":1,"98":0,"99":0},"f":{"0":2,"1":2,"2":2,"3":1,"4":0,"5":2,"6":1},"b":{"0":[2,0],"1":[2,2],"2":[0,0],"3":[1,1],"4":[0,1]},"_coverageSchema":"1a1c01bbd47fc00a2c39e90264f33305004495a9","hash":"147981dac844bdfca1ac73582a9f04ddc0b39c0d"}
,"C:\\Users\\hp\\Desktop\\CAPTAIN\\POWER LEARN PROJECT\\PLP MERN\\WK 6\\WK 6 ASSIGNMENT\\mern-bug-tracker\\server\\middleware\\errorHandler.js": {"path":"C:\\Users\\hp\\Desktop\\CAPTAIN\\POWER LEARN PROJECT\\PLP MERN\\WK 6\\WK 6 ASSIGNMENT\\mern-bug-tracker\\server\\middleware\\errorHandler.js","statementMap":{"0":{"start":{"line":1,"column":0},"end":{"line":13,"column":2}},"1":{"start":{"line":2,"column":2},"end":{"line":2,"column":44}},"2":{"start":{"line":3,"column":2},"end":{"line":3,"column":27}},"3":{"start":{"line":5,"column":21},"end":{"line":5,"column":42}},"4":{"start":{"line":6,"column":18},"end":{"line":6,"column":67}},"5":{"start":{"line":8,"column":2},"end":{"line":12,"column":5}}},"fnMap":{"0":{"name":"(anonymous_0)","decl":{"start":{"line":1,"column":17},"end":{"line":1,"column":18}},"loc":{"start":{"line":1,"column":42},"end":{"line":13,"column":1}},"line":1}},"branchMap":{"0":{"loc":{"start":{"line":5,"column":21},"end":{"line":5,"column":42}},"type":"binary-expr","locations":[{"start":{"line":5,"column":21},"end":{"line":5,"column":35}},{"start":{"line":5,"column":39},"end":{"line":5,"column":42}}],"line":5},"1":{"loc":{"start":{"line":6,"column":18},"end":{"line":6,"column":67}},"type":"cond-expr","locations":[{"start":{"line":6,"column":39},"end":{"line":6,"column":53}},{"start":{"line":6,"column":56},"end":{"line":6,"column":67}}],"line":6},"2":{"loc":{"start":{"line":11,"column":8},"end":{"line":11,"column":70}},"type":"binary-expr","locations":[{"start":{"line":11,"column":8},"end":{"line":11,"column":46}},{"start":{"line":11,"column":50},"end":{"line":11,"column":70}}],"line":11}},"s":{"0":1,"1":0,"2":0,"3":0,"4":0,"5":0},"f":{"0":0},"b":{"0":[0,0],"1":[0,0],"2":[0,0]},"_coverageSchema":"1a1c01bbd47fc00a2c39e90264f33305004495a9","hash":"1a0332ba8bd8968b81410ce00979f3d21c49e0fc"}
,"C:\\Users\\hp\\Desktop\\CAPTAIN\\POWER LEARN PROJECT\\PLP MERN\\WK 6\\WK 6 ASSIGNMENT\\mern-bug-tracker\\server\\models\\Bug.js": {"path":"C:\\Users\\hp\\Desktop\\CAPTAIN\\POWER LEARN PROJECT\\PLP MERN\\WK 6\\WK 6 ASSIGNMENT\\mern-bug-tracker\\server\\models\\Bug.js","statementMap":{"0":{"start":{"line":1,"column":17},"end":{"line":1,"column":36}},"1":{"start":{"line":3,"column":18},"end":{"line":39,"column":2}},"2":{"start":{"line":42,"column":0},"end":{"line":45,"column":3}},"3":{"start":{"line":43,"column":2},"end":{"line":43,"column":30}},"4":{"start":{"line":44,"column":2},"end":{"line":44,"column":9}},"5":{"start":{"line":47,"column":0},"end":{"line":47,"column":50}}},"fnMap":{"0":{"name":"(anonymous_0)","decl":{"start":{"line":42,"column":22},"end":{"line":42,"column":23}},"loc":{"start":{"line":42,"column":37},"end":{"line":45,"column":1}},"line":42}},"branchMap":{},"s":{"0":1,"1":1,"2":1,"3":5,"4":5,"5":1},"f":{"0":5},"b":{},"_coverageSchema":"1a1c01bbd47fc00a2c39e90264f33305004495a9","hash":"6103dfee54847d6f47e637b3f7b9ae90e67bf8fb"}
,"C:\\Users\\hp\\Desktop\\CAPTAIN\\POWER LEARN PROJECT\\PLP MERN\\WK 6\\WK 6 ASSIGNMENT\\mern-bug-tracker\\server\\routes\\bugRoutes.js": {"path":"C:\\Users\\hp\\Desktop\\CAPTAIN\\POWER LEARN PROJECT\\PLP MERN\\WK 6\\WK 6 ASSIGNMENT\\mern-bug-tracker\\server\\routes\\bugRoutes.js","statementMap":{"0":{"start":{"line":1,"column":16},"end":{"line":1,"column":34}},"1":{"start":{"line":2,"column":15},"end":{"line":2,"column":31}},"2":{"start":{"line":3,"column":22},"end":{"line":3,"column":61}},"3":{"start":{"line":6,"column":0},"end":{"line":6,"column":42}},"4":{"start":{"line":9,"column":0},"end":{"line":9,"column":42}},"5":{"start":{"line":12,"column":0},"end":{"line":12,"column":45}},"6":{"start":{"line":15,"column":0},"end":{"line":15,"column":44}},"7":{"start":{"line":18,"column":0},"end":{"line":18,"column":47}},"8":{"start":{"line":20,"column":0},"end":{"line":20,"column":24}}},"fnMap":{},"branchMap":{},"s":{"0":1,"1":1,"2":1,"3":1,"4":1,"5":1,"6":1,"7":1,"8":1},"f":{},"b":{},"_coverageSchema":"1a1c01bbd47fc00a2c39e90264f33305004495a9","hash":"8ddb573c8101f5b402ab3eaf078d1991aec6562b"}
,"C:\\Users\\hp\\Desktop\\CAPTAIN\\POWER LEARN PROJECT\\PLP MERN\\WK 6\\WK 6 ASSIGNMENT\\mern-bug-tracker\\server\\tests\\testDb.js": {"path":"C:\\Users\\hp\\Desktop\\CAPTAIN\\POWER LEARN PROJECT\\PLP MERN\\WK 6\\WK 6 ASSIGNMENT\\mern-bug-tracker\\server\\tests\\testDb.js","statementMap":{"0":{"start":{"line":7,"column":18},"end":{"line":17,"column":1}},"1":{"start":{"line":9,"column":2},"end":{"line":9,"column":30}},"2":{"start":{"line":11,"column":2},"end":{"line":11,"column":49}},"3":{"start":{"line":12,"column":14},"end":{"line":12,"column":34}},"4":{"start":{"line":13,"column":2},"end":{"line":16,"column":5}},"5":{"start":{"line":19,"column":21},"end":{"line":24,"column":1}},"6":{"start":{"line":20,"column":2},"end":{"line":20,"column":30}},"7":{"start":{"line":21,"column":2},"end":{"line":23,"column":3}},"8":{"start":{"line":22,"column":4},"end":{"line":22,"column":29}}},"fnMap":{"0":{"name":"(anonymous_0)","decl":{"start":{"line":7,"column":18},"end":{"line":7,"column":19}},"loc":{"start":{"line":7,"column":30},"end":{"line":17,"column":1}},"line":7},"1":{"name":"(anonymous_1)","decl":{"start":{"line":19,"column":21},"end":{"line":19,"column":22}},"loc":{"start":{"line":19,"column":33},"end":{"line":24,"column":1}},"line":19}},"branchMap":{"0":{"loc":{"start":{"line":21,"column":2},"end":{"line":23,"column":3}},"type":"if","locations":[{"start":{"line":21,"column":2},"end":{"line":23,"column":3}},{"start":{},"end":{}}],"line":21}},"s":{"0":1,"1":1,"2":1,"3":1,"4":1,"5":1,"6":1,"7":1,"8":1},"f":{"0":1,"1":1},"b":{"0":[1,0]},"_coverageSchema":"1a1c01bbd47fc00a2c39e90264f33305004495a9","hash":"6ee6e5c537b7408832939f9361796cbf4b395294"}
}
